c:\users\andra\source\repos\функции\функции\debug\vc141.pdb
c:\users\andra\source\repos\функции\функции\debug\vc141.idb
c:\users\andra\source\repos\функции\функции\debug\main.obj
c:\users\andra\source\repos\функции\функции\debug\function.obj
c:\users\andra\source\repos\функции\функции\debug\hyperbola.obj
c:\users\andra\source\repos\функции\функции\debug\exponenta.obj
c:\users\andra\source\repos\функции\функции\debug\polynom.obj
c:\users\andra\source\repos\функции\функции\debug\parabola.obj
c:\users\andra\source\repos\функции\debug\функции.exe
c:\users\andra\source\repos\функции\debug\функции.ilk
c:\users\andra\source\repos\функции\debug\функции.pdb
c:\users\andra\source\repos\функции\функции\debug\функции.tlog\cl.command.1.tlog
c:\users\andra\source\repos\функции\функции\debug\функции.tlog\cl.read.1.tlog
c:\users\andra\source\repos\функции\функции\debug\функции.tlog\cl.write.1.tlog
c:\users\andra\source\repos\функции\функции\debug\функции.tlog\link-cvtres.read.1.tlog
c:\users\andra\source\repos\функции\функции\debug\функции.tlog\link-cvtres.write.1.tlog
c:\users\andra\source\repos\функции\функции\debug\функции.tlog\link-rc.read.1.tlog
c:\users\andra\source\repos\функции\функции\debug\функции.tlog\link-rc.write.1.tlog
c:\users\andra\source\repos\функции\функции\debug\функции.tlog\link.15492-cvtres.read.1.tlog
c:\users\andra\source\repos\функции\функции\debug\функции.tlog\link.15492-cvtres.write.1.tlog
c:\users\andra\source\repos\функции\функции\debug\функции.tlog\link.15492-rc.read.1.tlog
c:\users\andra\source\repos\функции\функции\debug\функции.tlog\link.15492-rc.write.1.tlog
c:\users\andra\source\repos\функции\функции\debug\функции.tlog\link.15492.read.1.tlog
c:\users\andra\source\repos\функции\функции\debug\функции.tlog\link.15492.write.1.tlog
c:\users\andra\source\repos\функции\функции\debug\функции.tlog\link.command.1.tlog
c:\users\andra\source\repos\функции\функции\debug\функции.tlog\link.read.1.tlog
c:\users\andra\source\repos\функции\функции\debug\функции.tlog\link.write.1.tlog
